Arguments: 
  C:\Program Files\nodejs\node.exe C:\Users\zy\AppData\Roaming\npm\node_modules\yarn\bin\yarn.js add react-helmet

PATH: 
  C:\Users\zy\bin;C:\Program Files\Git\mingw64\bin;C:\Program Files\Git\usr\local\bin;C:\Program Files\Git\usr\bin;C:\Program Files\Git\usr\bin;C:\Program Files\Git\mingw64\bin;C:\Program Files\Git\usr\bin;C:\Users\zy\bin;C:\Program Files\Python39\Scripts;C:\Program Files\Python39;C:\WINDOWS\system32;C:\WINDOWS;C:\WINDOWS\System32\Wbem;C:\WINDOWS\System32\WindowsPowerShell\v1.0;C:\WINDOWS\System32\OpenSSH;C:\Program Files\Git\cmd;C:\Program Files\nodejs;C:\Users\zy\AppData\Roaming\Python\Python39\Scripts;C:\Program Files\Amazon\AWSCLIV2;C:\Users\zy\AppData\Local\Microsoft\WindowsApps;C:\Users\zy\AppData\Local\Programs\Microsoft VS Code\bin;C:\Users\zy\AppData\Roaming\npm;C:\Users\zy\AppData\Roaming\Python\Python39\Scripts;C:\Program Files\Git\usr\bin\vendor_perl;C:\Program Files\Git\usr\bin\core_perl

Yarn version: 
  1.22.11

Node version: 
  14.17.5

Platform: 
  win32 x64

Trace: 
  Error: EPERM: operation not permitted, copyfile 'C:\Users\zy\AppData\Local\Yarn\Cache\v6\npm-core-js-3.18.0-9af3f4a6df9ba3428a3fb1b171f1503b3f40cc49-integrity\node_modules\core-js\internals\add-to-unscopables.js' -> 'C:\Users\zy\Desktop\stonks\node_modules\core-js\internals\add-to-unscopables.js'

npm manifest: 
  {
    "name": "stonks",
    "version": "1.0.0",
    "private": true,
    "description": "stonks",
    "author": "zy",
    "keywords": [
      "gatsby"
    ],
    "scripts": {
      "develop": "gatsby develop",
      "start": "gatsby develop",
      "build": "gatsby build",
      "serve": "gatsby serve",
      "clean": "gatsby clean"
    },
    "dependencies": {
      "antd": "^4.16.12",
      "babel-plugin-styled-components": "^1.13.2",
      "gatsby": "^3.11.1",
      "gatsby-plugin-antd": "^2.2.0",
      "gatsby-plugin-gatsby-cloud": "^3.0.0",
      "gatsby-plugin-styled-components": "^4.12.0",
      "react": "^17.0.1",
      "react-dom": "^17.0.1",
      "styled-components": "^5.3.0"
    }
  }

yarn manifest: 
  No manifest

Lockfile: 
  No lockfile
